app/build/intermediates/manifest_merge_blame_file/release/manifest-merger-blame-release-report.txt
1<?xml version="1.0" encoding="utf-8"?>
2<manifest xmlns:android="http://schemas.android.com/apk/res/android"
3    package="com.idevel.krara"
4    android:versionCode="1"
5    android:versionName="1.0.0" >
6
7    <uses-sdk
8        android:minSdkVersion="24"
8-->src/main/AndroidManifest.xml
9        android:targetSdkVersion="31" />
9-->src/main/AndroidManifest.xml
10
11    <uses-permission android:name="android.permission.INTERNET" />
11-->src/main/AndroidManifest.xml:115:3-65
11-->src/main/AndroidManifest.xml:115:20-62
12    <uses-permission android:name="android.permission.RECEIVE_BOOT_COMPLETED" />
12-->src/main/AndroidManifest.xml:116:3-79
12-->src/main/AndroidManifest.xml:116:20-76
13    <uses-permission android:name="android.permission.ACCESS_NETWORK_STATE" />
13-->src/main/AndroidManifest.xml:117:3-77
13-->src/main/AndroidManifest.xml:117:20-74
14    <uses-permission android:name="android.permission.WAKE_LOCK" />
14-->src/main/AndroidManifest.xml:118:3-66
14-->src/main/AndroidManifest.xml:118:20-63
15    <uses-permission android:name="android.permission.VIBRATE" />
15-->src/main/AndroidManifest.xml:119:3-64
15-->src/main/AndroidManifest.xml:119:20-61
16
17    <!-- 필수권한 -->
18    <uses-permission android:name="android.permission.READ_PHONE_STATE" />
18-->src/main/AndroidManifest.xml:122:3-73
18-->src/main/AndroidManifest.xml:122:20-70
19    <uses-permission android:name="android.permission.GET_ACCOUNTS" />
19-->src/main/AndroidManifest.xml:123:3-69
19-->src/main/AndroidManifest.xml:123:20-66
20    <uses-permission android:name="android.permission.ACCESS_FINE_LOCATION" /> <!-- 현재 기기 위치 -->
20-->src/main/AndroidManifest.xml:125:3-77
20-->src/main/AndroidManifest.xml:125:20-74
21    <uses-permission android:name="android.permission.ACCESS_COARSE_LOCATION" />
21-->src/main/AndroidManifest.xml:126:3-79
21-->src/main/AndroidManifest.xml:126:20-76
22    <uses-permission android:name="android.permission.CAMERA" /> <!-- 사진 찍기, 비디오 녹화 -->
22-->src/main/AndroidManifest.xml:128:3-63
22-->src/main/AndroidManifest.xml:128:20-60
23    <uses-permission android:name="android.permission.READ_EXTERNAL_STORAGE" /> <!-- 사진, 미디어 파일 접근 -->
23-->src/main/AndroidManifest.xml:129:3-78
23-->src/main/AndroidManifest.xml:129:20-75
24
25    <uses-permission
25-->src/main/AndroidManifest.xml:131:3-133:64
26        android:name="android.permission.WRITE_EXTERNAL_STORAGE"
26-->src/main/AndroidManifest.xml:133:5-61
27        android:maxSdkVersion="29" />
27-->src/main/AndroidManifest.xml:132:5-31
28    <!-- Don't require camera, as this requires a rear camera. This allows it to work on the Nexus 7 -->
29    <uses-feature
29-->[com.journeyapps:zxing-android-embedded:4.1.0] AndroidManifest.xml:25:5-27:36
30        android:name="android.hardware.camera"
30-->[com.journeyapps:zxing-android-embedded:4.1.0] AndroidManifest.xml:26:9-47
31        android:required="false" />
31-->[com.journeyapps:zxing-android-embedded:4.1.0] AndroidManifest.xml:27:9-33
32    <uses-feature
32-->[com.journeyapps:zxing-android-embedded:4.1.0] AndroidManifest.xml:28:5-30:36
33        android:name="android.hardware.camera.front"
33-->[com.journeyapps:zxing-android-embedded:4.1.0] AndroidManifest.xml:29:9-53
34        android:required="false" /> <!-- TODO replace above two with next line after Android 4.2 -->
34-->[com.journeyapps:zxing-android-embedded:4.1.0] AndroidManifest.xml:30:9-33
35    <!-- <uses-feature android:name="android.hardware.camera.any"/> -->
36    <uses-feature
36-->[com.journeyapps:zxing-android-embedded:4.1.0] AndroidManifest.xml:33:5-35:36
37        android:name="android.hardware.camera.autofocus"
37-->[com.journeyapps:zxing-android-embedded:4.1.0] AndroidManifest.xml:34:9-57
38        android:required="false" />
38-->[com.journeyapps:zxing-android-embedded:4.1.0] AndroidManifest.xml:35:9-33
39    <uses-feature
39-->[com.journeyapps:zxing-android-embedded:4.1.0] AndroidManifest.xml:36:5-38:36
40        android:name="android.hardware.camera.flash"
40-->[com.journeyapps:zxing-android-embedded:4.1.0] AndroidManifest.xml:37:9-53
41        android:required="false" />
41-->[com.journeyapps:zxing-android-embedded:4.1.0] AndroidManifest.xml:38:9-33
42    <uses-feature
42-->[com.journeyapps:zxing-android-embedded:4.1.0] AndroidManifest.xml:39:5-41:36
43        android:name="android.hardware.screen.landscape"
43-->[com.journeyapps:zxing-android-embedded:4.1.0] AndroidManifest.xml:40:9-57
44        android:required="false" />
44-->[com.journeyapps:zxing-android-embedded:4.1.0] AndroidManifest.xml:41:9-33
45    <uses-feature
45-->[com.journeyapps:zxing-android-embedded:4.1.0] AndroidManifest.xml:42:5-44:36
46        android:name="android.hardware.wifi"
46-->[com.journeyapps:zxing-android-embedded:4.1.0] AndroidManifest.xml:43:9-45
47        android:required="false" />
47-->[com.journeyapps:zxing-android-embedded:4.1.0] AndroidManifest.xml:44:9-33
48
49    <uses-permission android:name="android.permission.USE_BIOMETRIC" /> <!-- suppress DeprecatedClassUsageInspection -->
49-->[androidx.biometric:biometric:1.1.0] AndroidManifest.xml:24:5-72
49-->[androidx.biometric:biometric:1.1.0] AndroidManifest.xml:24:22-69
50    <uses-permission android:name="android.permission.USE_FINGERPRINT" /> <!-- Required by older versions of Google Play services to create IID tokens -->
50-->[androidx.biometric:biometric:1.1.0] AndroidManifest.xml:27:5-74
50-->[androidx.biometric:biometric:1.1.0] AndroidManifest.xml:27:22-71
51    <uses-permission android:name="com.google.android.c2dm.permission.RECEIVE" />
51-->[com.google.firebase:firebase-messaging:23.0.5] AndroidManifest.xml:28:5-82
51-->[com.google.firebase:firebase-messaging:23.0.5] AndroidManifest.xml:28:22-79
52    <uses-permission android:name="com.google.android.gms.permission.AD_ID" />
52-->[com.google.android.gms:play-services-measurement-api:21.0.0] AndroidManifest.xml:25:5-79
52-->[com.google.android.gms:play-services-measurement-api:21.0.0] AndroidManifest.xml:25:22-76
53    <uses-permission android:name="com.google.android.finsky.permission.BIND_GET_INSTALL_REFERRER_SERVICE" />
53-->[com.google.android.gms:play-services-measurement:21.0.0] AndroidManifest.xml:26:5-110
53-->[com.google.android.gms:play-services-measurement:21.0.0] AndroidManifest.xml:26:22-107
54
55    <application
55-->src/main/AndroidManifest.xml:6:3-113:17
56        android:name="com.idevel.krara.MyApplication"
56-->src/main/AndroidManifest.xml:12:5-50
57        android:allowBackup="false"
57-->src/main/AndroidManifest.xml:7:5-32
58        android:appComponentFactory="androidx.core.app.CoreComponentFactory"
58-->[androidx.core:core:1.3.2] AndroidManifest.xml:24:18-86
59        android:extractNativeLibs="false"
60        android:hardwareAccelerated="true"
60-->src/main/AndroidManifest.xml:8:5-39
61        android:icon="@mipmap/ic_launcher"
61-->src/main/AndroidManifest.xml:9:5-39
62        android:label="@string/app_name"
62-->src/main/AndroidManifest.xml:10:5-37
63        android:largeHeap="true"
63-->src/main/AndroidManifest.xml:11:5-29
64        android:requestLegacyExternalStorage="true"
64-->src/main/AndroidManifest.xml:13:5-48
65        android:theme="@style/MyAppTheme"
65-->src/main/AndroidManifest.xml:14:5-38
66        android:usesCleartextTraffic="true" >
66-->src/main/AndroidManifest.xml:15:5-40
67        <activity
67-->src/main/AndroidManifest.xml:17:5-40:16
68            android:name="com.idevel.krara.activity.MainActivity"
68-->src/main/AndroidManifest.xml:22:7-60
69            android:configChanges="locale|keyboard|keyboardHidden|orientation|uiMode|screenSize|fontScale|smallestScreenSize|screenLayout"
69-->src/main/AndroidManifest.xml:18:7-133
70            android:exported="true"
70-->src/main/AndroidManifest.xml:19:7-30
71            android:label="@string/app_name"
71-->src/main/AndroidManifest.xml:20:7-39
72            android:launchMode="singleTask"
72-->src/main/AndroidManifest.xml:21:7-38
73            android:screenOrientation="portrait"
73-->src/main/AndroidManifest.xml:23:7-43
74            android:windowSoftInputMode="adjustResize" >
74-->src/main/AndroidManifest.xml:24:7-49
75            <intent-filter>
75-->src/main/AndroidManifest.xml:25:7-28:23
76                <action android:name="android.intent.action.MAIN" />
76-->src/main/AndroidManifest.xml:26:9-61
76-->src/main/AndroidManifest.xml:26:17-58
77
78                <category android:name="android.intent.category.LAUNCHER" />
78-->src/main/AndroidManifest.xml:27:9-69
78-->src/main/AndroidManifest.xml:27:19-66
79            </intent-filter>
80            <intent-filter>
80-->src/main/AndroidManifest.xml:29:7-39:23
81                <action android:name="android.intent.action.VIEW" />
81-->src/main/AndroidManifest.xml:30:9-61
81-->src/main/AndroidManifest.xml:30:17-58
82
83                <category android:name="android.intent.category.DEFAULT" />
83-->src/main/AndroidManifest.xml:32:9-68
83-->src/main/AndroidManifest.xml:32:19-65
84                <category android:name="android.intent.category.BROWSABLE" />
84-->src/main/AndroidManifest.xml:33:9-70
84-->src/main/AndroidManifest.xml:33:19-67
85
86                <!-- scheme -->
87                <data
87-->src/main/AndroidManifest.xml:36:9-38:43
88                    android:host="show-app"
88-->src/main/AndroidManifest.xml:37:11-34
89                    android:scheme="idevel-krara" />
89-->src/main/AndroidManifest.xml:38:11-40
90            </intent-filter>
91        </activity>
92        <activity
92-->src/main/AndroidManifest.xml:42:5-48:53
93            android:name="com.idevel.krara.activity.PushPopupActivity"
93-->src/main/AndroidManifest.xml:45:7-65
94            android:excludeFromRecents="true"
94-->src/main/AndroidManifest.xml:43:7-40
95            android:exported="false"
95-->src/main/AndroidManifest.xml:44:7-31
96            android:screenOrientation="unspecified"
96-->src/main/AndroidManifest.xml:46:7-46
97            android:taskAffinity="com.medialog.umobi.pushPopup"
97-->src/main/AndroidManifest.xml:47:7-58
98            android:theme="@android:style/Theme.Dialog" />
98-->src/main/AndroidManifest.xml:48:7-50
99
100        <!-- ACTIVITY -->
101        <activity
101-->src/main/AndroidManifest.xml:51:5-54:53
102            android:name="com.idevel.krara.activity.DevActivity"
102-->src/main/AndroidManifest.xml:53:7-59
103            android:exported="false"
103-->src/main/AndroidManifest.xml:52:7-31
104            android:theme="@style/Base.Theme.AppCompat" />
104-->src/main/AndroidManifest.xml:54:7-50
105        <activity
105-->src/main/AndroidManifest.xml:56:5-63:43
106            android:name="com.idevel.krara.activity.QrcodeScanActivity"
106-->src/main/AndroidManifest.xml:59:7-66
107            android:exported="false"
107-->src/main/AndroidManifest.xml:57:7-31
108            android:hardwareAccelerated="true"
108-->src/main/AndroidManifest.xml:58:7-41
109            android:screenOrientation="fullSensor"
109-->src/main/AndroidManifest.xml:60:7-45
110            android:stateNotNeeded="true"
110-->src/main/AndroidManifest.xml:61:7-36
111            android:windowSoftInputMode="stateAlwaysHidden" />
111-->src/main/AndroidManifest.xml:62:7-54
112
113        <!-- DEV -->
114        <activity
114-->src/main/AndroidManifest.xml:66:5-71:51
115            android:name="com.idevel.krara.activity.QrcodeCaptureActivity"
115-->src/main/AndroidManifest.xml:68:7-69
116            android:exported="false"
116-->src/main/AndroidManifest.xml:67:7-31
117            android:screenOrientation="portrait"
117-->src/main/AndroidManifest.xml:69:7-43
118            android:stateNotNeeded="true" />
118-->src/main/AndroidManifest.xml:70:7-36
119
120        <meta-data
120-->src/main/AndroidManifest.xml:74:5-76:27
121            android:name="iap:api_version"
121-->src/main/AndroidManifest.xml:75:7-37
122            android:value="5" />
122-->src/main/AndroidManifest.xml:76:7-24
123        <meta-data
123-->src/main/AndroidManifest.xml:78:5-80:38
124            android:name="iap:view_option"
124-->src/main/AndroidManifest.xml:79:7-37
125            android:value="popup | full" />
125-->src/main/AndroidManifest.xml:80:7-35
126
127        <!-- RECEIVER -->
128        <!-- Network change receiver -->
129        <meta-data
129-->src/main/AndroidManifest.xml:84:5-86:63
130            android:name="com.google.android.gms.version"
130-->src/main/AndroidManifest.xml:85:7-52
131            android:value="@integer/google_play_services_version" />
131-->src/main/AndroidManifest.xml:86:7-60
132
133        <!-- DataSaver change receiver -->
134        <receiver
134-->src/main/AndroidManifest.xml:89:5-93:84
135            android:name="com.idevel.krara.broadcast.DataSaverChangeReceiver"
135-->src/main/AndroidManifest.xml:93:7-72
136            android:enabled="true"
136-->src/main/AndroidManifest.xml:90:7-29
137            android:exported="false"
137-->src/main/AndroidManifest.xml:91:7-31
138            android:label="DataSaverChange" />
138-->src/main/AndroidManifest.xml:92:7-38
139
140        <!-- Network Change receiver -->
141        <receiver
141-->src/main/AndroidManifest.xml:96:5-102:16
142            android:name="com.idevel.krara.broadcast.NetworkChangeReceiver"
142-->src/main/AndroidManifest.xml:98:7-70
143            android:exported="false" >
143-->src/main/AndroidManifest.xml:97:7-31
144            <intent-filter>
144-->src/main/AndroidManifest.xml:99:7-101:23
145                <action android:name="android.net.conn.BACKGROUND_DATA_SETTING_CHANGED" />
145-->src/main/AndroidManifest.xml:100:9-83
145-->src/main/AndroidManifest.xml:100:17-80
146            </intent-filter>
147        </receiver>
148
149        <service
149-->src/main/AndroidManifest.xml:104:5-110:15
150            android:name="com.idevel.krara.fcm.FcmListenerService"
150-->src/main/AndroidManifest.xml:106:7-61
151            android:exported="false" >
151-->src/main/AndroidManifest.xml:105:7-31
152            <intent-filter>
152-->src/main/AndroidManifest.xml:107:7-109:23
153                <action android:name="com.google.firebase.MESSAGING_EVENT" />
153-->src/main/AndroidManifest.xml:108:9-70
153-->src/main/AndroidManifest.xml:108:17-67
154            </intent-filter>
155        </service>
156
157        <activity
157-->[com.journeyapps:zxing-android-embedded:4.1.0] AndroidManifest.xml:47:9-53:63
158            android:name="com.journeyapps.barcodescanner.CaptureActivity"
158-->[com.journeyapps:zxing-android-embedded:4.1.0] AndroidManifest.xml:48:13-74
159            android:clearTaskOnLaunch="true"
159-->[com.journeyapps:zxing-android-embedded:4.1.0] AndroidManifest.xml:49:13-45
160            android:screenOrientation="sensorLandscape"
160-->[com.journeyapps:zxing-android-embedded:4.1.0] AndroidManifest.xml:50:13-56
161            android:stateNotNeeded="true"
161-->[com.journeyapps:zxing-android-embedded:4.1.0] AndroidManifest.xml:51:13-42
162            android:theme="@style/zxing_CaptureTheme"
162-->[com.journeyapps:zxing-android-embedded:4.1.0] AndroidManifest.xml:52:13-54
163            android:windowSoftInputMode="stateAlwaysHidden" />
163-->[com.journeyapps:zxing-android-embedded:4.1.0] AndroidManifest.xml:53:13-60
164        <activity
164-->[com.karumi:dexter:6.2.1] AndroidManifest.xml:27:9-29:72
165            android:name="com.karumi.dexter.DexterActivity"
165-->[com.karumi:dexter:6.2.1] AndroidManifest.xml:28:13-60
166            android:theme="@style/Dexter.Internal.Theme.Transparent" />
166-->[com.karumi:dexter:6.2.1] AndroidManifest.xml:29:13-69
167
168        <receiver
168-->[com.google.firebase:firebase-messaging:23.0.5] AndroidManifest.xml:31:9-38:20
169            android:name="com.google.firebase.iid.FirebaseInstanceIdReceiver"
169-->[com.google.firebase:firebase-messaging:23.0.5] AndroidManifest.xml:32:13-78
170            android:exported="true"
170-->[com.google.firebase:firebase-messaging:23.0.5] AndroidManifest.xml:33:13-36
171            android:permission="com.google.android.c2dm.permission.SEND" >
171-->[com.google.firebase:firebase-messaging:23.0.5] AndroidManifest.xml:34:13-73
172            <intent-filter>
172-->[com.google.firebase:firebase-messaging:23.0.5] AndroidManifest.xml:35:13-37:29
173                <action android:name="com.google.android.c2dm.intent.RECEIVE" />
173-->[com.google.firebase:firebase-messaging:23.0.5] AndroidManifest.xml:36:17-81
173-->[com.google.firebase:firebase-messaging:23.0.5] AndroidManifest.xml:36:25-78
174            </intent-filter>
175        </receiver>
176        <!--
177             FirebaseMessagingService performs security checks at runtime,
178             but set to not exported to explicitly avoid allowing another app to call it.
179        -->
180        <service
180-->[com.google.firebase:firebase-messaging:23.0.5] AndroidManifest.xml:44:9-51:19
181            android:name="com.google.firebase.messaging.FirebaseMessagingService"
181-->[com.google.firebase:firebase-messaging:23.0.5] AndroidManifest.xml:45:13-82
182            android:directBootAware="true"
182-->[com.google.firebase:firebase-messaging:23.0.5] AndroidManifest.xml:46:13-43
183            android:exported="false" >
183-->[com.google.firebase:firebase-messaging:23.0.5] AndroidManifest.xml:47:13-37
184            <intent-filter android:priority="-500" >
184-->src/main/AndroidManifest.xml:107:7-109:23
185                <action android:name="com.google.firebase.MESSAGING_EVENT" />
185-->src/main/AndroidManifest.xml:108:9-70
185-->src/main/AndroidManifest.xml:108:17-67
186            </intent-filter>
187        </service>
188        <service
188-->[com.google.firebase:firebase-messaging:23.0.5] AndroidManifest.xml:52:9-58:19
189            android:name="com.google.firebase.components.ComponentDiscoveryService"
189-->[com.google.firebase:firebase-messaging:23.0.5] AndroidManifest.xml:53:13-84
190            android:directBootAware="true"
190-->[com.google.firebase:firebase-common:20.1.1] AndroidManifest.xml:35:13-43
191            android:exported="false" >
191-->[com.google.firebase:firebase-messaging:23.0.5] AndroidManifest.xml:54:13-37
192            <meta-data
192-->[com.google.firebase:firebase-messaging:23.0.5] AndroidManifest.xml:55:13-57:85
193                android:name="com.google.firebase.components:com.google.firebase.messaging.FirebaseMessagingRegistrar"
193-->[com.google.firebase:firebase-messaging:23.0.5] AndroidManifest.xml:56:17-119
194                android:value="com.google.firebase.components.ComponentRegistrar" />
194-->[com.google.firebase:firebase-messaging:23.0.5] AndroidManifest.xml:57:17-82
195            <meta-data
195-->[com.google.firebase:firebase-crashlytics-ktx:18.2.11] AndroidManifest.xml:27:13-29:85
196                android:name="com.google.firebase.components:com.google.firebase.crashlytics.ktx.FirebaseCrashlyticsKtxRegistrar"
196-->[com.google.firebase:firebase-crashlytics-ktx:18.2.11] AndroidManifest.xml:28:17-130
197                android:value="com.google.firebase.components.ComponentRegistrar" />
197-->[com.google.firebase:firebase-crashlytics-ktx:18.2.11] AndroidManifest.xml:29:17-82
198            <meta-data
198-->[com.google.firebase:firebase-analytics-ktx:21.0.0] AndroidManifest.xml:11:13-13:85
199                android:name="com.google.firebase.components:com.google.firebase.analytics.ktx.FirebaseAnalyticsKtxRegistrar"
199-->[com.google.firebase:firebase-analytics-ktx:21.0.0] AndroidManifest.xml:12:17-126
200                android:value="com.google.firebase.components.ComponentRegistrar" />
200-->[com.google.firebase:firebase-analytics-ktx:21.0.0] AndroidManifest.xml:13:17-82
201            <meta-data
201-->[com.google.firebase:firebase-common-ktx:20.1.1] AndroidManifest.xml:15:13-17:85
202                android:name="com.google.firebase.components:com.google.firebase.ktx.FirebaseCommonKtxRegistrar"
202-->[com.google.firebase:firebase-common-ktx:20.1.1] AndroidManifest.xml:16:17-113
203                android:value="com.google.firebase.components.ComponentRegistrar" />
203-->[com.google.firebase:firebase-common-ktx:20.1.1] AndroidManifest.xml:17:17-82
204            <meta-data
204-->[com.google.firebase:firebase-crashlytics:18.2.11] AndroidManifest.xml:18:13-20:85
205                android:name="com.google.firebase.components:com.google.firebase.crashlytics.CrashlyticsRegistrar"
205-->[com.google.firebase:firebase-crashlytics:18.2.11] AndroidManifest.xml:19:17-115
206                android:value="com.google.firebase.components.ComponentRegistrar" />
206-->[com.google.firebase:firebase-crashlytics:18.2.11] AndroidManifest.xml:20:17-82
207            <meta-data
207-->[com.google.firebase:firebase-datatransport:18.1.4] AndroidManifest.xml:28:13-30:85
208                android:name="com.google.firebase.components:com.google.firebase.datatransport.TransportRegistrar"
208-->[com.google.firebase:firebase-datatransport:18.1.4] AndroidManifest.xml:29:17-115
209                android:value="com.google.firebase.components.ComponentRegistrar" />
209-->[com.google.firebase:firebase-datatransport:18.1.4] AndroidManifest.xml:30:17-82
210            <meta-data
210-->[com.google.android.gms:play-services-measurement-api:21.0.0] AndroidManifest.xml:31:13-33:85
211                android:name="com.google.firebase.components:com.google.firebase.analytics.connector.internal.AnalyticsConnectorRegistrar"
211-->[com.google.android.gms:play-services-measurement-api:21.0.0] AndroidManifest.xml:32:17-139
212                android:value="com.google.firebase.components.ComponentRegistrar" />
212-->[com.google.android.gms:play-services-measurement-api:21.0.0] AndroidManifest.xml:33:17-82
213            <meta-data
213-->[com.google.firebase:firebase-installations:17.0.1] AndroidManifest.xml:18:13-20:85
214                android:name="com.google.firebase.components:com.google.firebase.installations.FirebaseInstallationsRegistrar"
214-->[com.google.firebase:firebase-installations:17.0.1] AndroidManifest.xml:19:17-127
215                android:value="com.google.firebase.components.ComponentRegistrar" />
215-->[com.google.firebase:firebase-installations:17.0.1] AndroidManifest.xml:20:17-82
216        </service>
217        <service
217-->[com.google.android.datatransport:transport-backend-cct:3.1.5] AndroidManifest.xml:29:9-35:19
218            android:name="com.google.android.datatransport.runtime.backends.TransportBackendDiscovery"
218-->[com.google.android.datatransport:transport-backend-cct:3.1.5] AndroidManifest.xml:30:13-103
219            android:exported="false" >
219-->[com.google.android.datatransport:transport-backend-cct:3.1.5] AndroidManifest.xml:31:13-37
220            <meta-data
220-->[com.google.android.datatransport:transport-backend-cct:3.1.5] AndroidManifest.xml:32:13-34:39
221                android:name="backend:com.google.android.datatransport.cct.CctBackendFactory"
221-->[com.google.android.datatransport:transport-backend-cct:3.1.5] AndroidManifest.xml:33:17-94
222                android:value="cct" />
222-->[com.google.android.datatransport:transport-backend-cct:3.1.5] AndroidManifest.xml:34:17-36
223        </service>
224        <service
224-->[com.google.android.datatransport:transport-runtime:3.1.5] AndroidManifest.xml:26:9-30:19
225            android:name="com.google.android.datatransport.runtime.scheduling.jobscheduling.JobInfoSchedulerService"
225-->[com.google.android.datatransport:transport-runtime:3.1.5] AndroidManifest.xml:27:13-117
226            android:exported="false"
226-->[com.google.android.datatransport:transport-runtime:3.1.5] AndroidManifest.xml:28:13-37
227            android:permission="android.permission.BIND_JOB_SERVICE" >
227-->[com.google.android.datatransport:transport-runtime:3.1.5] AndroidManifest.xml:29:13-69
228        </service>
229
230        <receiver
230-->[com.google.android.datatransport:transport-runtime:3.1.5] AndroidManifest.xml:32:9-34:40
231            android:name="com.google.android.datatransport.runtime.scheduling.jobscheduling.AlarmManagerSchedulerBroadcastReceiver"
231-->[com.google.android.datatransport:transport-runtime:3.1.5] AndroidManifest.xml:33:13-132
232            android:exported="false" />
232-->[com.google.android.datatransport:transport-runtime:3.1.5] AndroidManifest.xml:34:13-37
233
234        <provider
234-->[com.google.firebase:firebase-common:20.1.1] AndroidManifest.xml:26:9-31:39
235            android:name="com.google.firebase.provider.FirebaseInitProvider"
235-->[com.google.firebase:firebase-common:20.1.1] AndroidManifest.xml:27:13-77
236            android:authorities="com.idevel.krara.firebaseinitprovider"
236-->[com.google.firebase:firebase-common:20.1.1] AndroidManifest.xml:28:13-72
237            android:directBootAware="true"
237-->[com.google.firebase:firebase-common:20.1.1] AndroidManifest.xml:29:13-43
238            android:exported="false"
238-->[com.google.firebase:firebase-common:20.1.1] AndroidManifest.xml:30:13-37
239            android:initOrder="100" />
239-->[com.google.firebase:firebase-common:20.1.1] AndroidManifest.xml:31:13-36
240
241        <receiver
241-->[com.google.android.gms:play-services-measurement:21.0.0] AndroidManifest.xml:29:9-33:20
242            android:name="com.google.android.gms.measurement.AppMeasurementReceiver"
242-->[com.google.android.gms:play-services-measurement:21.0.0] AndroidManifest.xml:30:13-85
243            android:enabled="true"
243-->[com.google.android.gms:play-services-measurement:21.0.0] AndroidManifest.xml:31:13-35
244            android:exported="false" >
244-->[com.google.android.gms:play-services-measurement:21.0.0] AndroidManifest.xml:32:13-37
245        </receiver>
246
247        <service
247-->[com.google.android.gms:play-services-measurement:21.0.0] AndroidManifest.xml:35:9-38:40
248            android:name="com.google.android.gms.measurement.AppMeasurementService"
248-->[com.google.android.gms:play-services-measurement:21.0.0] AndroidManifest.xml:36:13-84
249            android:enabled="true"
249-->[com.google.android.gms:play-services-measurement:21.0.0] AndroidManifest.xml:37:13-35
250            android:exported="false" />
250-->[com.google.android.gms:play-services-measurement:21.0.0] AndroidManifest.xml:38:13-37
251        <service
251-->[com.google.android.gms:play-services-measurement:21.0.0] AndroidManifest.xml:39:9-43:72
252            android:name="com.google.android.gms.measurement.AppMeasurementJobService"
252-->[com.google.android.gms:play-services-measurement:21.0.0] AndroidManifest.xml:40:13-87
253            android:enabled="true"
253-->[com.google.android.gms:play-services-measurement:21.0.0] AndroidManifest.xml:41:13-35
254            android:exported="false"
254-->[com.google.android.gms:play-services-measurement:21.0.0] AndroidManifest.xml:42:13-37
255            android:permission="android.permission.BIND_JOB_SERVICE" />
255-->[com.google.android.gms:play-services-measurement:21.0.0] AndroidManifest.xml:43:13-69
256
257        <activity
257-->[com.google.android.gms:play-services-base:18.0.1] AndroidManifest.xml:20:9-22:45
258            android:name="com.google.android.gms.common.api.GoogleApiActivity"
258-->[com.google.android.gms:play-services-base:18.0.1] AndroidManifest.xml:20:19-85
259            android:exported="false"
259-->[com.google.android.gms:play-services-base:18.0.1] AndroidManifest.xml:22:19-43
260            android:theme="@android:style/Theme.Translucent.NoTitleBar" />
260-->[com.google.android.gms:play-services-base:18.0.1] AndroidManifest.xml:21:19-78
261    </application>
262
263</manifest>